INFO main org.consumer.ConsumerApplication - Starting ConsumerApplication on DESKTOP-736CSD8 with PID 26308 (D:\SaveCodes\idea\irpc-framework\irpc-framework-conusmer\target\classes started by siwenboxue in D:\SaveCodes\idea\irpc-framework)
INFO main org.consumer.ConsumerApplication - No active profile set, falling back to default profiles: default
INFO main org.springframework.boot.web.embedded.tomcat.TomcatWebServer - Tomcat initialized with port(s): 7081 (http)
INFO main org.springframework.boot.web.servlet.context.ServletWebServerApplicationContext - Root WebApplicationContext: initialization completed in 1312 ms
ERROR main config.IRpcClientAutoConfiguration - [IRpcClientAutoConfiguration] postProcessAfterInitialization has error 
java.lang.IllegalArgumentException: No enum constant enums.SerializeEnum.jdk
	at java.base/java.lang.Enum.valueOf(Enum.java:240)
	at enums.SerializeEnum.valueOf(SerializeEnum.java:9)
	at common.config.PropertiesBootstrap.loadClientConfigFromLocal(PropertiesBootstrap.java:70)
	at client.Client.initClientApplication(Client.java:82)
	at config.IRpcClientAutoConfiguration.postProcessAfterInitialization(IRpcClientAutoConfiguration.java:32)
	at org.springframework.beans.factory.support.AbstractAutowireCapableBeanFactory.applyBeanPostProcessorsAfterInitialization(AbstractAutowireCapableBeanFactory.java:430)
	at org.springframework.beans.factory.support.AbstractAutowireCapableBeanFactory.initializeBean(AbstractAutowireCapableBeanFactory.java:1798)
	at org.springframework.beans.factory.support.AbstractAutowireCapableBeanFactory.doCreateBean(AbstractAutowireCapableBeanFactory.java:594)
	at org.springframework.beans.factory.support.AbstractAutowireCapableBeanFactory.createBean(AbstractAutowireCapableBeanFactory.java:516)
	at org.springframework.beans.factory.support.AbstractBeanFactory.lambda$doGetBean$0(AbstractBeanFactory.java:324)
	at org.springframework.beans.factory.support.DefaultSingletonBeanRegistry.getSingleton(DefaultSingletonBeanRegistry.java:234)
	at org.springframework.beans.factory.support.AbstractBeanFactory.doGetBean(AbstractBeanFactory.java:322)
	at org.springframework.beans.factory.support.AbstractBeanFactory.getBean(AbstractBeanFactory.java:202)
	at org.springframework.beans.factory.support.DefaultListableBeanFactory.preInstantiateSingletons(DefaultListableBeanFactory.java:897)
	at org.springframework.context.support.AbstractApplicationContext.finishBeanFactoryInitialization(AbstractApplicationContext.java:879)
	at org.springframework.context.support.AbstractApplicationContext.refresh(AbstractApplicationContext.java:551)
	at org.springframework.boot.web.servlet.context.ServletWebServerApplicationContext.refresh(ServletWebServerApplicationContext.java:143)
	at org.springframework.boot.SpringApplication.refresh(SpringApplication.java:758)
	at org.springframework.boot.SpringApplication.refresh(SpringApplication.java:750)
	at org.springframework.boot.SpringApplication.refreshContext(SpringApplication.java:405)
	at org.springframework.boot.SpringApplication.run(SpringApplication.java:315)
	at org.springframework.boot.SpringApplication.run(SpringApplication.java:1237)
	at org.springframework.boot.SpringApplication.run(SpringApplication.java:1226)
	at org.consumer.ConsumerApplication.main(ConsumerApplication.java:10)
WARN main org.springframework.boot.web.servlet.context.AnnotationConfigServletWebServerApplicationContext - Exception encountered during context initialization - cancelling refresh attempt: org.springframework.beans.factory.BeanCreationException: Error creating bean with name 'userController' defined in file [D:\SaveCodes\idea\irpc-framework\irpc-framework-conusmer\target\classes\org\consumer\controller\UserController.class]: Initialization of bean failed; nested exception is java.lang.RuntimeException: java.lang.IllegalArgumentException: No enum constant enums.SerializeEnum.jdk
INFO main org.springframework.boot.autoconfigure.logging.ConditionEvaluationReportLoggingListener - 

Error starting ApplicationContext. To display the conditions report re-run your application with 'debug' enabled.
ERROR main org.springframework.boot.SpringApplication - Application run failed
org.springframework.beans.factory.BeanCreationException: Error creating bean with name 'userController' defined in file [D:\SaveCodes\idea\irpc-framework\irpc-framework-conusmer\target\classes\org\consumer\controller\UserController.class]: Initialization of bean failed; nested exception is java.lang.RuntimeException: java.lang.IllegalArgumentException: No enum constant enums.SerializeEnum.jdk
	at org.springframework.beans.factory.support.AbstractAutowireCapableBeanFactory.doCreateBean(AbstractAutowireCapableBeanFactory.java:602)
	at org.springframework.beans.factory.support.AbstractAutowireCapableBeanFactory.createBean(AbstractAutowireCapableBeanFactory.java:516)
	at org.springframework.beans.factory.support.AbstractBeanFactory.lambda$doGetBean$0(AbstractBeanFactory.java:324)
	at org.springframework.beans.factory.support.DefaultSingletonBeanRegistry.getSingleton(DefaultSingletonBeanRegistry.java:234)
	at org.springframework.beans.factory.support.AbstractBeanFactory.doGetBean(AbstractBeanFactory.java:322)
	at org.springframework.beans.factory.support.AbstractBeanFactory.getBean(AbstractBeanFactory.java:202)
	at org.springframework.beans.factory.support.DefaultListableBeanFactory.preInstantiateSingletons(DefaultListableBeanFactory.java:897)
	at org.springframework.context.support.AbstractApplicationContext.finishBeanFactoryInitialization(AbstractApplicationContext.java:879)
	at org.springframework.context.support.AbstractApplicationContext.refresh(AbstractApplicationContext.java:551)
	at org.springframework.boot.web.servlet.context.ServletWebServerApplicationContext.refresh(ServletWebServerApplicationContext.java:143)
	at org.springframework.boot.SpringApplication.refresh(SpringApplication.java:758)
	at org.springframework.boot.SpringApplication.refresh(SpringApplication.java:750)
	at org.springframework.boot.SpringApplication.refreshContext(SpringApplication.java:405)
	at org.springframework.boot.SpringApplication.run(SpringApplication.java:315)
	at org.springframework.boot.SpringApplication.run(SpringApplication.java:1237)
	at org.springframework.boot.SpringApplication.run(SpringApplication.java:1226)
	at org.consumer.ConsumerApplication.main(ConsumerApplication.java:10)
Caused by: java.lang.RuntimeException: java.lang.IllegalArgumentException: No enum constant enums.SerializeEnum.jdk
	at config.IRpcClientAutoConfiguration.postProcessAfterInitialization(IRpcClientAutoConfiguration.java:35)
	at org.springframework.beans.factory.support.AbstractAutowireCapableBeanFactory.applyBeanPostProcessorsAfterInitialization(AbstractAutowireCapableBeanFactory.java:430)
	at org.springframework.beans.factory.support.AbstractAutowireCapableBeanFactory.initializeBean(AbstractAutowireCapableBeanFactory.java:1798)
	at org.springframework.beans.factory.support.AbstractAutowireCapableBeanFactory.doCreateBean(AbstractAutowireCapableBeanFactory.java:594)
	... 16 more
Caused by: java.lang.IllegalArgumentException: No enum constant enums.SerializeEnum.jdk
	at java.base/java.lang.Enum.valueOf(Enum.java:240)
	at enums.SerializeEnum.valueOf(SerializeEnum.java:9)
	at common.config.PropertiesBootstrap.loadClientConfigFromLocal(PropertiesBootstrap.java:70)
	at client.Client.initClientApplication(Client.java:82)
	at config.IRpcClientAutoConfiguration.postProcessAfterInitialization(IRpcClientAutoConfiguration.java:32)
	... 19 more
INFO main org.consumer.ConsumerApplication - Starting ConsumerApplication on DESKTOP-736CSD8 with PID 19700 (D:\SaveCodes\idea\irpc-framework\irpc-framework-conusmer\target\classes started by siwenboxue in D:\SaveCodes\idea\irpc-framework)
INFO main org.consumer.ConsumerApplication - No active profile set, falling back to default profiles: default
INFO main org.springframework.boot.web.embedded.tomcat.TomcatWebServer - Tomcat initialized with port(s): 7081 (http)
INFO main org.springframework.boot.web.servlet.context.ServletWebServerApplicationContext - Root WebApplicationContext: initialization completed in 1315 ms
ERROR main config.IRpcClientAutoConfiguration - [IRpcClientAutoConfiguration] postProcessAfterInitialization has error 
java.lang.IllegalArgumentException: No enum constant enums.SerializeEnum.jdk
	at java.base/java.lang.Enum.valueOf(Enum.java:240)
	at enums.SerializeEnum.valueOf(SerializeEnum.java:9)
	at common.config.PropertiesBootstrap.loadClientConfigFromLocal(PropertiesBootstrap.java:70)
	at client.Client.initClientApplication(Client.java:82)
	at config.IRpcClientAutoConfiguration.postProcessAfterInitialization(IRpcClientAutoConfiguration.java:32)
	at org.springframework.beans.factory.support.AbstractAutowireCapableBeanFactory.applyBeanPostProcessorsAfterInitialization(AbstractAutowireCapableBeanFactory.java:430)
	at org.springframework.beans.factory.support.AbstractAutowireCapableBeanFactory.initializeBean(AbstractAutowireCapableBeanFactory.java:1798)
	at org.springframework.beans.factory.support.AbstractAutowireCapableBeanFactory.doCreateBean(AbstractAutowireCapableBeanFactory.java:594)
	at org.springframework.beans.factory.support.AbstractAutowireCapableBeanFactory.createBean(AbstractAutowireCapableBeanFactory.java:516)
	at org.springframework.beans.factory.support.AbstractBeanFactory.lambda$doGetBean$0(AbstractBeanFactory.java:324)
	at org.springframework.beans.factory.support.DefaultSingletonBeanRegistry.getSingleton(DefaultSingletonBeanRegistry.java:234)
	at org.springframework.beans.factory.support.AbstractBeanFactory.doGetBean(AbstractBeanFactory.java:322)
	at org.springframework.beans.factory.support.AbstractBeanFactory.getBean(AbstractBeanFactory.java:202)
	at org.springframework.beans.factory.support.DefaultListableBeanFactory.preInstantiateSingletons(DefaultListableBeanFactory.java:897)
	at org.springframework.context.support.AbstractApplicationContext.finishBeanFactoryInitialization(AbstractApplicationContext.java:879)
	at org.springframework.context.support.AbstractApplicationContext.refresh(AbstractApplicationContext.java:551)
	at org.springframework.boot.web.servlet.context.ServletWebServerApplicationContext.refresh(ServletWebServerApplicationContext.java:143)
	at org.springframework.boot.SpringApplication.refresh(SpringApplication.java:758)
	at org.springframework.boot.SpringApplication.refresh(SpringApplication.java:750)
	at org.springframework.boot.SpringApplication.refreshContext(SpringApplication.java:405)
	at org.springframework.boot.SpringApplication.run(SpringApplication.java:315)
	at org.springframework.boot.SpringApplication.run(SpringApplication.java:1237)
	at org.springframework.boot.SpringApplication.run(SpringApplication.java:1226)
	at org.consumer.ConsumerApplication.main(ConsumerApplication.java:10)
WARN main org.springframework.boot.web.servlet.context.AnnotationConfigServletWebServerApplicationContext - Exception encountered during context initialization - cancelling refresh attempt: org.springframework.beans.factory.BeanCreationException: Error creating bean with name 'userController' defined in file [D:\SaveCodes\idea\irpc-framework\irpc-framework-conusmer\target\classes\org\consumer\controller\UserController.class]: Initialization of bean failed; nested exception is java.lang.RuntimeException: java.lang.IllegalArgumentException: No enum constant enums.SerializeEnum.jdk
INFO main org.springframework.boot.autoconfigure.logging.ConditionEvaluationReportLoggingListener - 

Error starting ApplicationContext. To display the conditions report re-run your application with 'debug' enabled.
ERROR main org.springframework.boot.SpringApplication - Application run failed
org.springframework.beans.factory.BeanCreationException: Error creating bean with name 'userController' defined in file [D:\SaveCodes\idea\irpc-framework\irpc-framework-conusmer\target\classes\org\consumer\controller\UserController.class]: Initialization of bean failed; nested exception is java.lang.RuntimeException: java.lang.IllegalArgumentException: No enum constant enums.SerializeEnum.jdk
	at org.springframework.beans.factory.support.AbstractAutowireCapableBeanFactory.doCreateBean(AbstractAutowireCapableBeanFactory.java:602)
	at org.springframework.beans.factory.support.AbstractAutowireCapableBeanFactory.createBean(AbstractAutowireCapableBeanFactory.java:516)
	at org.springframework.beans.factory.support.AbstractBeanFactory.lambda$doGetBean$0(AbstractBeanFactory.java:324)
	at org.springframework.beans.factory.support.DefaultSingletonBeanRegistry.getSingleton(DefaultSingletonBeanRegistry.java:234)
	at org.springframework.beans.factory.support.AbstractBeanFactory.doGetBean(AbstractBeanFactory.java:322)
	at org.springframework.beans.factory.support.AbstractBeanFactory.getBean(AbstractBeanFactory.java:202)
	at org.springframework.beans.factory.support.DefaultListableBeanFactory.preInstantiateSingletons(DefaultListableBeanFactory.java:897)
	at org.springframework.context.support.AbstractApplicationContext.finishBeanFactoryInitialization(AbstractApplicationContext.java:879)
	at org.springframework.context.support.AbstractApplicationContext.refresh(AbstractApplicationContext.java:551)
	at org.springframework.boot.web.servlet.context.ServletWebServerApplicationContext.refresh(ServletWebServerApplicationContext.java:143)
	at org.springframework.boot.SpringApplication.refresh(SpringApplication.java:758)
	at org.springframework.boot.SpringApplication.refresh(SpringApplication.java:750)
	at org.springframework.boot.SpringApplication.refreshContext(SpringApplication.java:405)
	at org.springframework.boot.SpringApplication.run(SpringApplication.java:315)
	at org.springframework.boot.SpringApplication.run(SpringApplication.java:1237)
	at org.springframework.boot.SpringApplication.run(SpringApplication.java:1226)
	at org.consumer.ConsumerApplication.main(ConsumerApplication.java:10)
Caused by: java.lang.RuntimeException: java.lang.IllegalArgumentException: No enum constant enums.SerializeEnum.jdk
	at config.IRpcClientAutoConfiguration.postProcessAfterInitialization(IRpcClientAutoConfiguration.java:35)
	at org.springframework.beans.factory.support.AbstractAutowireCapableBeanFactory.applyBeanPostProcessorsAfterInitialization(AbstractAutowireCapableBeanFactory.java:430)
	at org.springframework.beans.factory.support.AbstractAutowireCapableBeanFactory.initializeBean(AbstractAutowireCapableBeanFactory.java:1798)
	at org.springframework.beans.factory.support.AbstractAutowireCapableBeanFactory.doCreateBean(AbstractAutowireCapableBeanFactory.java:594)
	... 16 more
Caused by: java.lang.IllegalArgumentException: No enum constant enums.SerializeEnum.jdk
	at java.base/java.lang.Enum.valueOf(Enum.java:240)
	at enums.SerializeEnum.valueOf(SerializeEnum.java:9)
	at common.config.PropertiesBootstrap.loadClientConfigFromLocal(PropertiesBootstrap.java:70)
	at client.Client.initClientApplication(Client.java:82)
	at config.IRpcClientAutoConfiguration.postProcessAfterInitialization(IRpcClientAutoConfiguration.java:32)
	... 19 more
INFO main org.consumer.ConsumerApplication - Starting ConsumerApplication on DESKTOP-736CSD8 with PID 29908 (D:\SaveCodes\idea\irpc-framework\irpc-framework-conusmer\target\classes started by siwenboxue in D:\SaveCodes\idea\irpc-framework)
INFO main org.consumer.ConsumerApplication - No active profile set, falling back to default profiles: default
INFO main org.springframework.boot.web.embedded.tomcat.TomcatWebServer - Tomcat initialized with port(s): 7081 (http)
INFO main org.springframework.boot.web.servlet.context.ServletWebServerApplicationContext - Root WebApplicationContext: initialization completed in 1263 ms
ERROR main config.IRpcClientAutoConfiguration - [IRpcClientAutoConfiguration] postProcessAfterInitialization has error 
java.lang.RuntimeException: no match routerStrategy for null
	at client.Client.initClientConfig(Client.java:102)
	at client.Client.initClientApplication(Client.java:86)
	at config.IRpcClientAutoConfiguration.postProcessAfterInitialization(IRpcClientAutoConfiguration.java:32)
	at org.springframework.beans.factory.support.AbstractAutowireCapableBeanFactory.applyBeanPostProcessorsAfterInitialization(AbstractAutowireCapableBeanFactory.java:430)
	at org.springframework.beans.factory.support.AbstractAutowireCapableBeanFactory.initializeBean(AbstractAutowireCapableBeanFactory.java:1798)
	at org.springframework.beans.factory.support.AbstractAutowireCapableBeanFactory.doCreateBean(AbstractAutowireCapableBeanFactory.java:594)
	at org.springframework.beans.factory.support.AbstractAutowireCapableBeanFactory.createBean(AbstractAutowireCapableBeanFactory.java:516)
	at org.springframework.beans.factory.support.AbstractBeanFactory.lambda$doGetBean$0(AbstractBeanFactory.java:324)
	at org.springframework.beans.factory.support.DefaultSingletonBeanRegistry.getSingleton(DefaultSingletonBeanRegistry.java:234)
	at org.springframework.beans.factory.support.AbstractBeanFactory.doGetBean(AbstractBeanFactory.java:322)
	at org.springframework.beans.factory.support.AbstractBeanFactory.getBean(AbstractBeanFactory.java:202)
	at org.springframework.beans.factory.support.DefaultListableBeanFactory.preInstantiateSingletons(DefaultListableBeanFactory.java:897)
	at org.springframework.context.support.AbstractApplicationContext.finishBeanFactoryInitialization(AbstractApplicationContext.java:879)
	at org.springframework.context.support.AbstractApplicationContext.refresh(AbstractApplicationContext.java:551)
	at org.springframework.boot.web.servlet.context.ServletWebServerApplicationContext.refresh(ServletWebServerApplicationContext.java:143)
	at org.springframework.boot.SpringApplication.refresh(SpringApplication.java:758)
	at org.springframework.boot.SpringApplication.refresh(SpringApplication.java:750)
	at org.springframework.boot.SpringApplication.refreshContext(SpringApplication.java:405)
	at org.springframework.boot.SpringApplication.run(SpringApplication.java:315)
	at org.springframework.boot.SpringApplication.run(SpringApplication.java:1237)
	at org.springframework.boot.SpringApplication.run(SpringApplication.java:1226)
	at org.consumer.ConsumerApplication.main(ConsumerApplication.java:10)
WARN main org.springframework.boot.web.servlet.context.AnnotationConfigServletWebServerApplicationContext - Exception encountered during context initialization - cancelling refresh attempt: org.springframework.beans.factory.BeanCreationException: Error creating bean with name 'userController' defined in file [D:\SaveCodes\idea\irpc-framework\irpc-framework-conusmer\target\classes\org\consumer\controller\UserController.class]: Initialization of bean failed; nested exception is java.lang.RuntimeException: java.lang.RuntimeException: no match routerStrategy for null
INFO main org.springframework.boot.autoconfigure.logging.ConditionEvaluationReportLoggingListener - 

Error starting ApplicationContext. To display the conditions report re-run your application with 'debug' enabled.
ERROR main org.springframework.boot.SpringApplication - Application run failed
org.springframework.beans.factory.BeanCreationException: Error creating bean with name 'userController' defined in file [D:\SaveCodes\idea\irpc-framework\irpc-framework-conusmer\target\classes\org\consumer\controller\UserController.class]: Initialization of bean failed; nested exception is java.lang.RuntimeException: java.lang.RuntimeException: no match routerStrategy for null
	at org.springframework.beans.factory.support.AbstractAutowireCapableBeanFactory.doCreateBean(AbstractAutowireCapableBeanFactory.java:602)
	at org.springframework.beans.factory.support.AbstractAutowireCapableBeanFactory.createBean(AbstractAutowireCapableBeanFactory.java:516)
	at org.springframework.beans.factory.support.AbstractBeanFactory.lambda$doGetBean$0(AbstractBeanFactory.java:324)
	at org.springframework.beans.factory.support.DefaultSingletonBeanRegistry.getSingleton(DefaultSingletonBeanRegistry.java:234)
	at org.springframework.beans.factory.support.AbstractBeanFactory.doGetBean(AbstractBeanFactory.java:322)
	at org.springframework.beans.factory.support.AbstractBeanFactory.getBean(AbstractBeanFactory.java:202)
	at org.springframework.beans.factory.support.DefaultListableBeanFactory.preInstantiateSingletons(DefaultListableBeanFactory.java:897)
	at org.springframework.context.support.AbstractApplicationContext.finishBeanFactoryInitialization(AbstractApplicationContext.java:879)
	at org.springframework.context.support.AbstractApplicationContext.refresh(AbstractApplicationContext.java:551)
	at org.springframework.boot.web.servlet.context.ServletWebServerApplicationContext.refresh(ServletWebServerApplicationContext.java:143)
	at org.springframework.boot.SpringApplication.refresh(SpringApplication.java:758)
	at org.springframework.boot.SpringApplication.refresh(SpringApplication.java:750)
	at org.springframework.boot.SpringApplication.refreshContext(SpringApplication.java:405)
	at org.springframework.boot.SpringApplication.run(SpringApplication.java:315)
	at org.springframework.boot.SpringApplication.run(SpringApplication.java:1237)
	at org.springframework.boot.SpringApplication.run(SpringApplication.java:1226)
	at org.consumer.ConsumerApplication.main(ConsumerApplication.java:10)
Caused by: java.lang.RuntimeException: java.lang.RuntimeException: no match routerStrategy for null
	at config.IRpcClientAutoConfiguration.postProcessAfterInitialization(IRpcClientAutoConfiguration.java:35)
	at org.springframework.beans.factory.support.AbstractAutowireCapableBeanFactory.applyBeanPostProcessorsAfterInitialization(AbstractAutowireCapableBeanFactory.java:430)
	at org.springframework.beans.factory.support.AbstractAutowireCapableBeanFactory.initializeBean(AbstractAutowireCapableBeanFactory.java:1798)
	at org.springframework.beans.factory.support.AbstractAutowireCapableBeanFactory.doCreateBean(AbstractAutowireCapableBeanFactory.java:594)
	... 16 more
Caused by: java.lang.RuntimeException: no match routerStrategy for null
	at client.Client.initClientConfig(Client.java:102)
	at client.Client.initClientApplication(Client.java:86)
	at config.IRpcClientAutoConfiguration.postProcessAfterInitialization(IRpcClientAutoConfiguration.java:32)
	... 19 more
INFO main org.consumer.ConsumerApplication - Starting ConsumerApplication on DESKTOP-736CSD8 with PID 22648 (D:\SaveCodes\idea\irpc-framework\irpc-framework-conusmer\target\classes started by siwenboxue in D:\SaveCodes\idea\irpc-framework)
INFO main org.consumer.ConsumerApplication - No active profile set, falling back to default profiles: default
INFO main org.springframework.boot.web.embedded.tomcat.TomcatWebServer - Tomcat initialized with port(s): 7081 (http)
INFO main org.springframework.boot.web.servlet.context.ServletWebServerApplicationContext - Root WebApplicationContext: initialization completed in 1236 ms
ERROR main config.IRpcClientAutoConfiguration - [IRpcClientAutoConfiguration] postProcessAfterInitialization has error 
java.lang.RuntimeException: no match routerStrategy for null
	at client.Client.initClientConfig(Client.java:102)
	at client.Client.initClientApplication(Client.java:86)
	at config.IRpcClientAutoConfiguration.postProcessAfterInitialization(IRpcClientAutoConfiguration.java:32)
	at org.springframework.beans.factory.support.AbstractAutowireCapableBeanFactory.applyBeanPostProcessorsAfterInitialization(AbstractAutowireCapableBeanFactory.java:430)
	at org.springframework.beans.factory.support.AbstractAutowireCapableBeanFactory.initializeBean(AbstractAutowireCapableBeanFactory.java:1798)
	at org.springframework.beans.factory.support.AbstractAutowireCapableBeanFactory.doCreateBean(AbstractAutowireCapableBeanFactory.java:594)
	at org.springframework.beans.factory.support.AbstractAutowireCapableBeanFactory.createBean(AbstractAutowireCapableBeanFactory.java:516)
	at org.springframework.beans.factory.support.AbstractBeanFactory.lambda$doGetBean$0(AbstractBeanFactory.java:324)
	at org.springframework.beans.factory.support.DefaultSingletonBeanRegistry.getSingleton(DefaultSingletonBeanRegistry.java:234)
	at org.springframework.beans.factory.support.AbstractBeanFactory.doGetBean(AbstractBeanFactory.java:322)
	at org.springframework.beans.factory.support.AbstractBeanFactory.getBean(AbstractBeanFactory.java:202)
	at org.springframework.beans.factory.support.DefaultListableBeanFactory.preInstantiateSingletons(DefaultListableBeanFactory.java:897)
	at org.springframework.context.support.AbstractApplicationContext.finishBeanFactoryInitialization(AbstractApplicationContext.java:879)
	at org.springframework.context.support.AbstractApplicationContext.refresh(AbstractApplicationContext.java:551)
	at org.springframework.boot.web.servlet.context.ServletWebServerApplicationContext.refresh(ServletWebServerApplicationContext.java:143)
	at org.springframework.boot.SpringApplication.refresh(SpringApplication.java:758)
	at org.springframework.boot.SpringApplication.refresh(SpringApplication.java:750)
	at org.springframework.boot.SpringApplication.refreshContext(SpringApplication.java:405)
	at org.springframework.boot.SpringApplication.run(SpringApplication.java:315)
	at org.springframework.boot.SpringApplication.run(SpringApplication.java:1237)
	at org.springframework.boot.SpringApplication.run(SpringApplication.java:1226)
	at org.consumer.ConsumerApplication.main(ConsumerApplication.java:10)
WARN main org.springframework.boot.web.servlet.context.AnnotationConfigServletWebServerApplicationContext - Exception encountered during context initialization - cancelling refresh attempt: org.springframework.beans.factory.BeanCreationException: Error creating bean with name 'userController' defined in file [D:\SaveCodes\idea\irpc-framework\irpc-framework-conusmer\target\classes\org\consumer\controller\UserController.class]: Initialization of bean failed; nested exception is java.lang.RuntimeException: java.lang.RuntimeException: no match routerStrategy for null
INFO main org.springframework.boot.autoconfigure.logging.ConditionEvaluationReportLoggingListener - 

Error starting ApplicationContext. To display the conditions report re-run your application with 'debug' enabled.
ERROR main org.springframework.boot.SpringApplication - Application run failed
org.springframework.beans.factory.BeanCreationException: Error creating bean with name 'userController' defined in file [D:\SaveCodes\idea\irpc-framework\irpc-framework-conusmer\target\classes\org\consumer\controller\UserController.class]: Initialization of bean failed; nested exception is java.lang.RuntimeException: java.lang.RuntimeException: no match routerStrategy for null
	at org.springframework.beans.factory.support.AbstractAutowireCapableBeanFactory.doCreateBean(AbstractAutowireCapableBeanFactory.java:602)
	at org.springframework.beans.factory.support.AbstractAutowireCapableBeanFactory.createBean(AbstractAutowireCapableBeanFactory.java:516)
	at org.springframework.beans.factory.support.AbstractBeanFactory.lambda$doGetBean$0(AbstractBeanFactory.java:324)
	at org.springframework.beans.factory.support.DefaultSingletonBeanRegistry.getSingleton(DefaultSingletonBeanRegistry.java:234)
	at org.springframework.beans.factory.support.AbstractBeanFactory.doGetBean(AbstractBeanFactory.java:322)
	at org.springframework.beans.factory.support.AbstractBeanFactory.getBean(AbstractBeanFactory.java:202)
	at org.springframework.beans.factory.support.DefaultListableBeanFactory.preInstantiateSingletons(DefaultListableBeanFactory.java:897)
	at org.springframework.context.support.AbstractApplicationContext.finishBeanFactoryInitialization(AbstractApplicationContext.java:879)
	at org.springframework.context.support.AbstractApplicationContext.refresh(AbstractApplicationContext.java:551)
	at org.springframework.boot.web.servlet.context.ServletWebServerApplicationContext.refresh(ServletWebServerApplicationContext.java:143)
	at org.springframework.boot.SpringApplication.refresh(SpringApplication.java:758)
	at org.springframework.boot.SpringApplication.refresh(SpringApplication.java:750)
	at org.springframework.boot.SpringApplication.refreshContext(SpringApplication.java:405)
	at org.springframework.boot.SpringApplication.run(SpringApplication.java:315)
	at org.springframework.boot.SpringApplication.run(SpringApplication.java:1237)
	at org.springframework.boot.SpringApplication.run(SpringApplication.java:1226)
	at org.consumer.ConsumerApplication.main(ConsumerApplication.java:10)
Caused by: java.lang.RuntimeException: java.lang.RuntimeException: no match routerStrategy for null
	at config.IRpcClientAutoConfiguration.postProcessAfterInitialization(IRpcClientAutoConfiguration.java:35)
	at org.springframework.beans.factory.support.AbstractAutowireCapableBeanFactory.applyBeanPostProcessorsAfterInitialization(AbstractAutowireCapableBeanFactory.java:430)
	at org.springframework.beans.factory.support.AbstractAutowireCapableBeanFactory.initializeBean(AbstractAutowireCapableBeanFactory.java:1798)
	at org.springframework.beans.factory.support.AbstractAutowireCapableBeanFactory.doCreateBean(AbstractAutowireCapableBeanFactory.java:594)
	... 16 more
Caused by: java.lang.RuntimeException: no match routerStrategy for null
	at client.Client.initClientConfig(Client.java:102)
	at client.Client.initClientApplication(Client.java:86)
	at config.IRpcClientAutoConfiguration.postProcessAfterInitialization(IRpcClientAutoConfiguration.java:32)
	... 19 more
INFO main org.consumer.ConsumerApplication - Starting ConsumerApplication on DESKTOP-736CSD8 with PID 18008 (D:\SaveCodes\idea\irpc-framework\irpc-framework-conusmer\target\classes started by siwenboxue in D:\SaveCodes\idea\irpc-framework)
INFO main org.consumer.ConsumerApplication - No active profile set, falling back to default profiles: default
INFO main org.springframework.boot.web.embedded.tomcat.TomcatWebServer - Tomcat initialized with port(s): 7081 (http)
INFO main org.springframework.boot.web.servlet.context.ServletWebServerApplicationContext - Root WebApplicationContext: initialization completed in 1189 ms
INFO main org.apache.curator.framework.imps.CuratorFrameworkImpl - Starting
INFO main org.apache.zookeeper.ZooKeeper - Client environment:zookeeper.version=3.4.14-4c25d480e66aadd371de8bd2fd8da255ac140bcf, built on 03/06/2019 16:18 GMT
INFO main org.apache.zookeeper.ZooKeeper - Client environment:host.name=DESKTOP-736CSD8
INFO main org.apache.zookeeper.ZooKeeper - Client environment:java.version=11.0.15.1
INFO main org.apache.zookeeper.ZooKeeper - Client environment:java.vendor=Oracle Corporation
INFO main org.apache.zookeeper.ZooKeeper - Client environment:java.home=C:\Program Files\Java\jdk-11.0.15.1
INFO main org.apache.zookeeper.ZooKeeper - Client environment:java.class.path=D:\SaveCodes\idea\irpc-framework\irpc-framework-conusmer\target\classes;D:\SaveCodes\idea\irpc-framework\irpc-framwork-core\target\classes;D:\SaveCodes\idea\irpc-framework\irpc-framework-spring-starter\target\classes;E:\javaTool\maven\repository\org\springframework\boot\spring-boot-starter-web\2.3.8.RELEASE\spring-boot-starter-web-2.3.8.RELEASE.jar;E:\javaTool\maven\repository\org\springframework\boot\spring-boot-starter\2.3.8.RELEASE\spring-boot-starter-2.3.8.RELEASE.jar;E:\javaTool\maven\repository\org\springframework\boot\spring-boot\2.3.8.RELEASE\spring-boot-2.3.8.RELEASE.jar;E:\javaTool\maven\repository\org\springframework\boot\spring-boot-autoconfigure\2.3.8.RELEASE\spring-boot-autoconfigure-2.3.8.RELEASE.jar;E:\javaTool\maven\repository\org\springframework\boot\spring-boot-starter-logging\2.3.8.RELEASE\spring-boot-starter-logging-2.3.8.RELEASE.jar;E:\javaTool\maven\repository\org\apache\logging\log4j\log4j-to-slf4j\2.13.3\log4j-to-slf4j-2.13.3.jar;E:\javaTool\maven\repository\org\apache\logging\log4j\log4j-api\2.13.3\log4j-api-2.13.3.jar;E:\javaTool\maven\repository\org\slf4j\jul-to-slf4j\1.7.30\jul-to-slf4j-1.7.30.jar;E:\javaTool\maven\repository\jakarta\annotation\jakarta.annotation-api\1.3.5\jakarta.annotation-api-1.3.5.jar;E:\javaTool\maven\repository\org\springframework\spring-core\5.2.12.RELEASE\spring-core-5.2.12.RELEASE.jar;E:\javaTool\maven\repository\org\springframework\spring-jcl\5.2.12.RELEASE\spring-jcl-5.2.12.RELEASE.jar;E:\javaTool\maven\repository\org\yaml\snakeyaml\1.26\snakeyaml-1.26.jar;E:\javaTool\maven\repository\org\springframework\boot\spring-boot-starter-json\2.3.8.RELEASE\spring-boot-starter-json-2.3.8.RELEASE.jar;E:\javaTool\maven\repository\com\fasterxml\jackson\core\jackson-databind\2.11.4\jackson-databind-2.11.4.jar;E:\javaTool\maven\repository\com\fasterxml\jackson\core\jackson-annotations\2.11.4\jackson-annotations-2.11.4.jar;E:\javaTool\maven\repository\com\fasterxml\jackson\core\jackson-core\2.11.4\jackson-core-2.11.4.jar;E:\javaTool\maven\repository\com\fasterxml\jackson\datatype\jackson-datatype-jdk8\2.11.4\jackson-datatype-jdk8-2.11.4.jar;E:\javaTool\maven\repository\com\fasterxml\jackson\datatype\jackson-datatype-jsr310\2.11.4\jackson-datatype-jsr310-2.11.4.jar;E:\javaTool\maven\repository\com\fasterxml\jackson\module\jackson-module-parameter-names\2.11.4\jackson-module-parameter-names-2.11.4.jar;E:\javaTool\maven\repository\org\springframework\boot\spring-boot-starter-tomcat\2.3.8.RELEASE\spring-boot-starter-tomcat-2.3.8.RELEASE.jar;E:\javaTool\maven\repository\org\apache\tomcat\embed\tomcat-embed-core\9.0.41\tomcat-embed-core-9.0.41.jar;E:\javaTool\maven\repository\org\glassfish\jakarta.el\3.0.3\jakarta.el-3.0.3.jar;E:\javaTool\maven\repository\org\apache\tomcat\embed\tomcat-embed-websocket\9.0.41\tomcat-embed-websocket-9.0.41.jar;E:\javaTool\maven\repository\org\springframework\spring-web\5.2.12.RELEASE\spring-web-5.2.12.RELEASE.jar;E:\javaTool\maven\repository\org\springframework\spring-beans\5.2.12.RELEASE\spring-beans-5.2.12.RELEASE.jar;E:\javaTool\maven\repository\org\springframework\spring-webmvc\5.2.12.RELEASE\spring-webmvc-5.2.12.RELEASE.jar;E:\javaTool\maven\repository\org\springframework\spring-aop\5.2.12.RELEASE\spring-aop-5.2.12.RELEASE.jar;E:\javaTool\maven\repository\org\springframework\spring-context\5.2.12.RELEASE\spring-context-5.2.12.RELEASE.jar;E:\javaTool\maven\repository\org\springframework\spring-expression\5.2.12.RELEASE\spring-expression-5.2.12.RELEASE.jar;D:\SaveCodes\idea\irpc-framework\irpc-framework-interface\target\classes;E:\javaTool\maven\repository\org\javassist\javassist\3.21.0-GA\javassist-3.21.0-GA.jar;E:\javaTool\maven\repository\io\netty\netty-all\4.1.6.Final\netty-all-4.1.6.Final.jar;E:\javaTool\maven\repository\org\slf4j\slf4j-api\1.7.13\slf4j-api-1.7.13.jar;E:\javaTool\maven\repository\com\alibaba\fastjson\1.2.29\fastjson-1.2.29.jar;E:\javaTool\maven\repository\org\jboss\marshalling\jboss-marshalling-river\1.4.11.Final\jboss-marshalling-river-1.4.11.Final.jar;E:\javaTool\maven\repository\org\jboss\marshalling\jboss-marshalling\1.4.11.Final\jboss-marshalling-1.4.11.Final.jar;E:\javaTool\maven\repository\org\jboss\marshalling\jboss-marshalling-serial\1.4.11.Final\jboss-marshalling-serial-1.4.11.Final.jar;E:\javaTool\maven\repository\org\projectlombok\lombok\1.18.24\lombok-1.18.24.jar;E:\javaTool\maven\repository\cn\hutool\hutool-all\5.8.10\hutool-all-5.8.10.jar;E:\javaTool\maven\repository\org\apache\curator\curator-framework\2.12.0\curator-framework-2.12.0.jar;E:\javaTool\maven\repository\org\apache\curator\curator-client\2.12.0\curator-client-2.12.0.jar;E:\javaTool\maven\repository\com\google\guava\guava\16.0.1\guava-16.0.1.jar;E:\javaTool\maven\repository\org\apache\zookeeper\zookeeper\3.4.14\zookeeper-3.4.14.jar;E:\javaTool\maven\repository\org\slf4j\slf4j-log4j12\1.7.25\slf4j-log4j12-1.7.25.jar;E:\javaTool\maven\repository\com\github\spotbugs\spotbugs-annotations\3.1.9\spotbugs-annotations-3.1.9.jar;E:\javaTool\maven\repository\com\google\code\findbugs\jsr305\3.0.2\jsr305-3.0.2.jar;E:\javaTool\maven\repository\log4j\log4j\1.2.17\log4j-1.2.17.jar;E:\javaTool\maven\repository\jline\jline\0.9.94\jline-0.9.94.jar;E:\javaTool\maven\repository\org\apache\yetus\audience-annotations\0.5.0\audience-annotations-0.5.0.jar;E:\javaTool\maven\repository\io\netty\netty\3.10.6.Final\netty-3.10.6.Final.jar;E:\javaTool\maven\repository\com\101tec\zkclient\0.7\zkclient-0.7.jar;E:\javaTool\maven\repository\com\esotericsoftware\kryo-shaded\3.0.3\kryo-shaded-3.0.3.jar;E:\javaTool\maven\repository\com\esotericsoftware\minlog\1.3.0\minlog-1.3.0.jar;E:\javaTool\maven\repository\org\objenesis\objenesis\2.1\objenesis-2.1.jar;E:\javaTool\maven\repository\com\caucho\hessian\4.0.62\hessian-4.0.62.jar;E:\javaTool\IntelliJ IDEA 2022.2\lib\idea_rt.jar
INFO main org.apache.zookeeper.ZooKeeper - Client environment:java.library.path=C:\Program Files\Java\jdk-11.0.15.1\bin;C:\WINDOWS\Sun\Java\bin;C:\WINDOWS\system32;C:\WINDOWS;C:\Program Files\Common Files\Oracle\Java\javapath;C:\WINDOWS\system32;C:\WINDOWS;C:\WINDOWS\System32\Wbem;C:\WINDOWS\System32\WindowsPowerShell\v1.0\;C:\WINDOWS\System32\OpenSSH\;E:\javaTool\maven\apache-maven-3.8.3\bin;E:\javaTool\xshell\;E:\javaTool\xftp\;E:\javaTool\Git\cmd;E:\javaTool\nodeJS\;E:\javaTool\apache-tomcat-9.0.63-windows-x64\apache-tomcat-9.0.63\bin;E:\javaTool\apache-tomcat-9.0.63-windows-x64\apache-tomcat-9.0.63\lib;%E:\rust%\mingw64\bin;C:\Users\siwenboxue\.cargo\bin;C:\Users\siwenboxue\AppData\Local\Microsoft\WindowsApps;C:\Program Files\Java\jdk-11.0.15.1\bin;C:\Program Files\Java\jdk-11.0.15.1\jre\bin;;E:\javaTool\IntelliJ IDEA 2021.2.3\bin;;E:\javaTool\Microsoft VS Code\bin;C:\Users\siwenboxue\AppData\Roaming\npm;.
INFO main org.apache.zookeeper.ZooKeeper - Client environment:java.io.tmpdir=C:\Users\SIWENB~1\AppData\Local\Temp\
INFO main org.apache.zookeeper.ZooKeeper - Client environment:java.compiler=<NA>
INFO main org.apache.zookeeper.ZooKeeper - Client environment:os.name=Windows 10
INFO main org.apache.zookeeper.ZooKeeper - Client environment:os.arch=amd64
INFO main org.apache.zookeeper.ZooKeeper - Client environment:os.version=10.0
INFO main org.apache.zookeeper.ZooKeeper - Client environment:user.name=siwenboxue
INFO main org.apache.zookeeper.ZooKeeper - Client environment:user.home=C:\Users\siwenboxue
INFO main org.apache.zookeeper.ZooKeeper - Client environment:user.dir=D:\SaveCodes\idea\irpc-framework
INFO main org.apache.zookeeper.ZooKeeper - Initiating client connection, connectString=localhost:2181 sessionTimeout=60000 watcher=org.apache.curator.ConnectionState@176f7f3b
INFO main-SendThread(localhost:2181) org.apache.zookeeper.ClientCnxn - Opening socket connection to server localhost/0:0:0:0:0:0:0:1:2181. Will not attempt to authenticate using SASL (unknown error)
INFO main-SendThread(localhost:2181) org.apache.zookeeper.ClientCnxn - Socket connection established to localhost/0:0:0:0:0:0:0:1:2181, initiating session
INFO main-SendThread(localhost:2181) org.apache.zookeeper.ClientCnxn - Session establishment complete on server localhost/0:0:0:0:0:0:0:1:2181, sessionid = 0x10009b482890030, negotiated timeout = 40000
INFO main-EventThread org.apache.curator.framework.state.ConnectionStateManager - State change: CONNECTED
WARN main org.apache.curator.utils.ZKPaths - The version of ZooKeeper being used doesn't support Container nodes. CreateMode.PERSISTENT will be used instead.
INFO main org.springframework.scheduling.concurrent.ThreadPoolTaskExecutor - Initializing ExecutorService 'applicationTaskExecutor'
INFO main org.springframework.boot.web.embedded.tomcat.TomcatWebServer - Tomcat started on port(s): 7081 (http) with context path ''
INFO main org.consumer.ConsumerApplication - Started ConsumerApplication in 3.39 seconds (JVM running for 4.95)
INFO main config.IRpcClientAutoConfiguration -  ================== [irpc-consumer] started success ================== 
INFO main client.ConnectionHandler - providerURLInfo is : demoApp;interfaces.user.UserRpcService;192.168.124.2:9090;1687418558673;100;default
INFO http-nio-7081-exec-1 org.springframework.web.servlet.DispatcherServlet - Initializing Servlet 'dispatcherServlet'
INFO http-nio-7081-exec-1 org.springframework.web.servlet.DispatcherServlet - Completed initialization in 7 ms
INFO Thread-2 filter.client.ClientLogFilterImpl - irpc-consumer do invoke -----> interfaces.user.UserRpcService
INFO Thread-2 filter.client.ClientLogFilterImpl - irpc-consumer do invoke -----> interfaces.user.UserRpcService
INFO Thread-2 filter.client.ClientLogFilterImpl - irpc-consumer do invoke -----> interfaces.user.UserRpcService
INFO Thread-2 filter.client.ClientLogFilterImpl - irpc-consumer do invoke -----> interfaces.user.UserRpcService
INFO Thread-2 filter.client.ClientLogFilterImpl - irpc-consumer do invoke -----> interfaces.user.UserRpcService
WARN main-SendThread(localhost:2181) org.apache.zookeeper.ClientCnxn - Client session timed out, have not heard from server in 107943ms for sessionid 0x10009b482890030
INFO main-SendThread(localhost:2181) org.apache.zookeeper.ClientCnxn - Client session timed out, have not heard from server in 107943ms for sessionid 0x10009b482890030, closing socket connection and attempting reconnect
INFO main-EventThread org.apache.curator.framework.state.ConnectionStateManager - State change: SUSPENDED
ERROR main-EventThread org.apache.zookeeper.ClientCnxn - Error while calling watcher 
java.lang.NullPointerException
	at registy.zookeeper.ZookeeperRegister.lambda$watchNodeDataChange$0(ZookeeperRegister.java:70)
	at org.apache.curator.framework.imps.NamespaceWatcher.process(NamespaceWatcher.java:62)
	at org.apache.zookeeper.ClientCnxn$EventThread.processEvent(ClientCnxn.java:533)
	at org.apache.zookeeper.ClientCnxn$EventThread.run(ClientCnxn.java:508)
ERROR main-EventThread org.apache.zookeeper.ClientCnxn - Error while calling watcher 
java.lang.NullPointerException
	at registy.zookeeper.ZookeeperRegister.lambda$watchChildNodeData$1(ZookeeperRegister.java:89)
	at org.apache.curator.framework.imps.NamespaceWatcher.process(NamespaceWatcher.java:62)
	at org.apache.zookeeper.ClientCnxn$EventThread.processEvent(ClientCnxn.java:533)
	at org.apache.zookeeper.ClientCnxn$EventThread.run(ClientCnxn.java:508)
INFO SpringContextShutdownHook org.springframework.scheduling.concurrent.ThreadPoolTaskExecutor - Shutting down ExecutorService 'applicationTaskExecutor'
INFO main org.consumer.ConsumerApplication - Starting ConsumerApplication on DESKTOP-736CSD8 with PID 27316 (D:\SaveCodes\idea\irpc-framework\irpc-framework-conusmer\target\classes started by siwenboxue in D:\SaveCodes\idea\irpc-framework)
INFO main org.consumer.ConsumerApplication - No active profile set, falling back to default profiles: default
INFO main org.springframework.boot.web.embedded.tomcat.TomcatWebServer - Tomcat initialized with port(s): 7081 (http)
INFO main org.springframework.boot.web.servlet.context.ServletWebServerApplicationContext - Root WebApplicationContext: initialization completed in 1455 ms
INFO main org.apache.curator.framework.imps.CuratorFrameworkImpl - Starting
INFO main org.apache.zookeeper.ZooKeeper - Client environment:zookeeper.version=3.4.14-4c25d480e66aadd371de8bd2fd8da255ac140bcf, built on 03/06/2019 16:18 GMT
INFO main org.apache.zookeeper.ZooKeeper - Client environment:host.name=DESKTOP-736CSD8
INFO main org.apache.zookeeper.ZooKeeper - Client environment:java.version=11.0.15.1
INFO main org.apache.zookeeper.ZooKeeper - Client environment:java.vendor=Oracle Corporation
INFO main org.apache.zookeeper.ZooKeeper - Client environment:java.home=C:\Program Files\Java\jdk-11.0.15.1
INFO main org.apache.zookeeper.ZooKeeper - Client environment:java.class.path=D:\SaveCodes\idea\irpc-framework\irpc-framework-conusmer\target\classes;D:\SaveCodes\idea\irpc-framework\irpc-framwork-core\target\classes;D:\SaveCodes\idea\irpc-framework\irpc-framework-spring-starter\target\classes;E:\javaTool\maven\repository\org\springframework\boot\spring-boot-starter-web\2.3.8.RELEASE\spring-boot-starter-web-2.3.8.RELEASE.jar;E:\javaTool\maven\repository\org\springframework\boot\spring-boot-starter\2.3.8.RELEASE\spring-boot-starter-2.3.8.RELEASE.jar;E:\javaTool\maven\repository\org\springframework\boot\spring-boot\2.3.8.RELEASE\spring-boot-2.3.8.RELEASE.jar;E:\javaTool\maven\repository\org\springframework\boot\spring-boot-autoconfigure\2.3.8.RELEASE\spring-boot-autoconfigure-2.3.8.RELEASE.jar;E:\javaTool\maven\repository\org\springframework\boot\spring-boot-starter-logging\2.3.8.RELEASE\spring-boot-starter-logging-2.3.8.RELEASE.jar;E:\javaTool\maven\repository\org\apache\logging\log4j\log4j-to-slf4j\2.13.3\log4j-to-slf4j-2.13.3.jar;E:\javaTool\maven\repository\org\apache\logging\log4j\log4j-api\2.13.3\log4j-api-2.13.3.jar;E:\javaTool\maven\repository\org\slf4j\jul-to-slf4j\1.7.30\jul-to-slf4j-1.7.30.jar;E:\javaTool\maven\repository\jakarta\annotation\jakarta.annotation-api\1.3.5\jakarta.annotation-api-1.3.5.jar;E:\javaTool\maven\repository\org\springframework\spring-core\5.2.12.RELEASE\spring-core-5.2.12.RELEASE.jar;E:\javaTool\maven\repository\org\springframework\spring-jcl\5.2.12.RELEASE\spring-jcl-5.2.12.RELEASE.jar;E:\javaTool\maven\repository\org\yaml\snakeyaml\1.26\snakeyaml-1.26.jar;E:\javaTool\maven\repository\org\springframework\boot\spring-boot-starter-json\2.3.8.RELEASE\spring-boot-starter-json-2.3.8.RELEASE.jar;E:\javaTool\maven\repository\com\fasterxml\jackson\core\jackson-databind\2.11.4\jackson-databind-2.11.4.jar;E:\javaTool\maven\repository\com\fasterxml\jackson\core\jackson-annotations\2.11.4\jackson-annotations-2.11.4.jar;E:\javaTool\maven\repository\com\fasterxml\jackson\core\jackson-core\2.11.4\jackson-core-2.11.4.jar;E:\javaTool\maven\repository\com\fasterxml\jackson\datatype\jackson-datatype-jdk8\2.11.4\jackson-datatype-jdk8-2.11.4.jar;E:\javaTool\maven\repository\com\fasterxml\jackson\datatype\jackson-datatype-jsr310\2.11.4\jackson-datatype-jsr310-2.11.4.jar;E:\javaTool\maven\repository\com\fasterxml\jackson\module\jackson-module-parameter-names\2.11.4\jackson-module-parameter-names-2.11.4.jar;E:\javaTool\maven\repository\org\springframework\boot\spring-boot-starter-tomcat\2.3.8.RELEASE\spring-boot-starter-tomcat-2.3.8.RELEASE.jar;E:\javaTool\maven\repository\org\apache\tomcat\embed\tomcat-embed-core\9.0.41\tomcat-embed-core-9.0.41.jar;E:\javaTool\maven\repository\org\glassfish\jakarta.el\3.0.3\jakarta.el-3.0.3.jar;E:\javaTool\maven\repository\org\apache\tomcat\embed\tomcat-embed-websocket\9.0.41\tomcat-embed-websocket-9.0.41.jar;E:\javaTool\maven\repository\org\springframework\spring-web\5.2.12.RELEASE\spring-web-5.2.12.RELEASE.jar;E:\javaTool\maven\repository\org\springframework\spring-beans\5.2.12.RELEASE\spring-beans-5.2.12.RELEASE.jar;E:\javaTool\maven\repository\org\springframework\spring-webmvc\5.2.12.RELEASE\spring-webmvc-5.2.12.RELEASE.jar;E:\javaTool\maven\repository\org\springframework\spring-aop\5.2.12.RELEASE\spring-aop-5.2.12.RELEASE.jar;E:\javaTool\maven\repository\org\springframework\spring-context\5.2.12.RELEASE\spring-context-5.2.12.RELEASE.jar;E:\javaTool\maven\repository\org\springframework\spring-expression\5.2.12.RELEASE\spring-expression-5.2.12.RELEASE.jar;D:\SaveCodes\idea\irpc-framework\irpc-framework-interface\target\classes;E:\javaTool\maven\repository\org\javassist\javassist\3.21.0-GA\javassist-3.21.0-GA.jar;E:\javaTool\maven\repository\io\netty\netty-all\4.1.6.Final\netty-all-4.1.6.Final.jar;E:\javaTool\maven\repository\org\slf4j\slf4j-api\1.7.13\slf4j-api-1.7.13.jar;E:\javaTool\maven\repository\com\alibaba\fastjson\1.2.29\fastjson-1.2.29.jar;E:\javaTool\maven\repository\org\jboss\marshalling\jboss-marshalling-river\1.4.11.Final\jboss-marshalling-river-1.4.11.Final.jar;E:\javaTool\maven\repository\org\jboss\marshalling\jboss-marshalling\1.4.11.Final\jboss-marshalling-1.4.11.Final.jar;E:\javaTool\maven\repository\org\jboss\marshalling\jboss-marshalling-serial\1.4.11.Final\jboss-marshalling-serial-1.4.11.Final.jar;E:\javaTool\maven\repository\org\projectlombok\lombok\1.18.24\lombok-1.18.24.jar;E:\javaTool\maven\repository\cn\hutool\hutool-all\5.8.10\hutool-all-5.8.10.jar;E:\javaTool\maven\repository\org\apache\curator\curator-framework\2.12.0\curator-framework-2.12.0.jar;E:\javaTool\maven\repository\org\apache\curator\curator-client\2.12.0\curator-client-2.12.0.jar;E:\javaTool\maven\repository\com\google\guava\guava\16.0.1\guava-16.0.1.jar;E:\javaTool\maven\repository\org\apache\zookeeper\zookeeper\3.4.14\zookeeper-3.4.14.jar;E:\javaTool\maven\repository\org\slf4j\slf4j-log4j12\1.7.25\slf4j-log4j12-1.7.25.jar;E:\javaTool\maven\repository\com\github\spotbugs\spotbugs-annotations\3.1.9\spotbugs-annotations-3.1.9.jar;E:\javaTool\maven\repository\com\google\code\findbugs\jsr305\3.0.2\jsr305-3.0.2.jar;E:\javaTool\maven\repository\log4j\log4j\1.2.17\log4j-1.2.17.jar;E:\javaTool\maven\repository\jline\jline\0.9.94\jline-0.9.94.jar;E:\javaTool\maven\repository\org\apache\yetus\audience-annotations\0.5.0\audience-annotations-0.5.0.jar;E:\javaTool\maven\repository\io\netty\netty\3.10.6.Final\netty-3.10.6.Final.jar;E:\javaTool\maven\repository\com\101tec\zkclient\0.7\zkclient-0.7.jar;E:\javaTool\maven\repository\com\esotericsoftware\kryo-shaded\3.0.3\kryo-shaded-3.0.3.jar;E:\javaTool\maven\repository\com\esotericsoftware\minlog\1.3.0\minlog-1.3.0.jar;E:\javaTool\maven\repository\org\objenesis\objenesis\2.1\objenesis-2.1.jar;E:\javaTool\maven\repository\com\caucho\hessian\4.0.62\hessian-4.0.62.jar;E:\javaTool\IntelliJ IDEA 2022.2\lib\idea_rt.jar
INFO main org.apache.zookeeper.ZooKeeper - Client environment:java.library.path=C:\Program Files\Java\jdk-11.0.15.1\bin;C:\WINDOWS\Sun\Java\bin;C:\WINDOWS\system32;C:\WINDOWS;C:\Program Files\Common Files\Oracle\Java\javapath;C:\WINDOWS\system32;C:\WINDOWS;C:\WINDOWS\System32\Wbem;C:\WINDOWS\System32\WindowsPowerShell\v1.0\;C:\WINDOWS\System32\OpenSSH\;E:\javaTool\maven\apache-maven-3.8.3\bin;E:\javaTool\xshell\;E:\javaTool\xftp\;E:\javaTool\Git\cmd;E:\javaTool\nodeJS\;E:\javaTool\apache-tomcat-9.0.63-windows-x64\apache-tomcat-9.0.63\bin;E:\javaTool\apache-tomcat-9.0.63-windows-x64\apache-tomcat-9.0.63\lib;%E:\rust%\mingw64\bin;C:\Users\siwenboxue\.cargo\bin;C:\Users\siwenboxue\AppData\Local\Microsoft\WindowsApps;C:\Program Files\Java\jdk-11.0.15.1\bin;C:\Program Files\Java\jdk-11.0.15.1\jre\bin;;E:\javaTool\IntelliJ IDEA 2021.2.3\bin;;E:\javaTool\Microsoft VS Code\bin;C:\Users\siwenboxue\AppData\Roaming\npm;.
INFO main org.apache.zookeeper.ZooKeeper - Client environment:java.io.tmpdir=C:\Users\SIWENB~1\AppData\Local\Temp\
INFO main org.apache.zookeeper.ZooKeeper - Client environment:java.compiler=<NA>
INFO main org.apache.zookeeper.ZooKeeper - Client environment:os.name=Windows 10
INFO main org.apache.zookeeper.ZooKeeper - Client environment:os.arch=amd64
INFO main org.apache.zookeeper.ZooKeeper - Client environment:os.version=10.0
INFO main org.apache.zookeeper.ZooKeeper - Client environment:user.name=siwenboxue
INFO main org.apache.zookeeper.ZooKeeper - Client environment:user.home=C:\Users\siwenboxue
INFO main org.apache.zookeeper.ZooKeeper - Client environment:user.dir=D:\SaveCodes\idea\irpc-framework
INFO main org.apache.zookeeper.ZooKeeper - Initiating client connection, connectString=localhost:2181 sessionTimeout=60000 watcher=org.apache.curator.ConnectionState@7d3c09ec
INFO main-SendThread(localhost:2181) org.apache.zookeeper.ClientCnxn - Opening socket connection to server localhost/0:0:0:0:0:0:0:1:2181. Will not attempt to authenticate using SASL (unknown error)
INFO main-SendThread(localhost:2181) org.apache.zookeeper.ClientCnxn - Socket connection established to localhost/0:0:0:0:0:0:0:1:2181, initiating session
INFO main-SendThread(localhost:2181) org.apache.zookeeper.ClientCnxn - Session establishment complete on server localhost/0:0:0:0:0:0:0:1:2181, sessionid = 0x10009b482890031, negotiated timeout = 40000
INFO main-EventThread org.apache.curator.framework.state.ConnectionStateManager - State change: CONNECTED
INFO main org.springframework.scheduling.concurrent.ThreadPoolTaskExecutor - Initializing ExecutorService 'applicationTaskExecutor'
INFO main org.springframework.boot.web.embedded.tomcat.TomcatWebServer - Tomcat started on port(s): 7081 (http) with context path ''
INFO main org.consumer.ConsumerApplication - Started ConsumerApplication in 4.18 seconds (JVM running for 6.031)
INFO main config.IRpcClientAutoConfiguration -  ================== [irpc-consumer] started success ================== 
ERROR pool-1-thread-1 common.event.listener.ServiceUpdateListener - [ServiceUpdateListener] channelFutureWrappers is empty
INFO http-nio-7081-exec-1 org.springframework.web.servlet.DispatcherServlet - Initializing Servlet 'dispatcherServlet'
INFO http-nio-7081-exec-1 org.springframework.web.servlet.DispatcherServlet - Completed initialization in 8 ms
ERROR pool-1-thread-2 common.event.listener.ServiceUpdateListener - [ServiceUpdateListener] channelFutureWrappers is empty
INFO SpringContextShutdownHook org.springframework.scheduling.concurrent.ThreadPoolTaskExecutor - Shutting down ExecutorService 'applicationTaskExecutor'
INFO main org.consumer.ConsumerApplication - Starting ConsumerApplication on DESKTOP-736CSD8 with PID 29580 (D:\SaveCodes\idea\irpc-framework\irpc-framework-conusmer\target\classes started by siwenboxue in D:\SaveCodes\idea\irpc-framework)
INFO main org.consumer.ConsumerApplication - No active profile set, falling back to default profiles: default
INFO main org.springframework.boot.web.embedded.tomcat.TomcatWebServer - Tomcat initialized with port(s): 7081 (http)
INFO main org.springframework.boot.web.servlet.context.ServletWebServerApplicationContext - Root WebApplicationContext: initialization completed in 1508 ms
INFO main org.apache.curator.framework.imps.CuratorFrameworkImpl - Starting
INFO main org.apache.zookeeper.ZooKeeper - Client environment:zookeeper.version=3.4.14-4c25d480e66aadd371de8bd2fd8da255ac140bcf, built on 03/06/2019 16:18 GMT
INFO main org.apache.zookeeper.ZooKeeper - Client environment:host.name=DESKTOP-736CSD8
INFO main org.apache.zookeeper.ZooKeeper - Client environment:java.version=11.0.15.1
INFO main org.apache.zookeeper.ZooKeeper - Client environment:java.vendor=Oracle Corporation
INFO main org.apache.zookeeper.ZooKeeper - Client environment:java.home=C:\Program Files\Java\jdk-11.0.15.1
INFO main org.apache.zookeeper.ZooKeeper - Client environment:java.class.path=D:\SaveCodes\idea\irpc-framework\irpc-framework-conusmer\target\classes;D:\SaveCodes\idea\irpc-framework\irpc-framwork-core\target\classes;D:\SaveCodes\idea\irpc-framework\irpc-framework-spring-starter\target\classes;E:\javaTool\maven\repository\org\springframework\boot\spring-boot-starter-web\2.3.8.RELEASE\spring-boot-starter-web-2.3.8.RELEASE.jar;E:\javaTool\maven\repository\org\springframework\boot\spring-boot-starter\2.3.8.RELEASE\spring-boot-starter-2.3.8.RELEASE.jar;E:\javaTool\maven\repository\org\springframework\boot\spring-boot\2.3.8.RELEASE\spring-boot-2.3.8.RELEASE.jar;E:\javaTool\maven\repository\org\springframework\boot\spring-boot-autoconfigure\2.3.8.RELEASE\spring-boot-autoconfigure-2.3.8.RELEASE.jar;E:\javaTool\maven\repository\org\springframework\boot\spring-boot-starter-logging\2.3.8.RELEASE\spring-boot-starter-logging-2.3.8.RELEASE.jar;E:\javaTool\maven\repository\org\apache\logging\log4j\log4j-to-slf4j\2.13.3\log4j-to-slf4j-2.13.3.jar;E:\javaTool\maven\repository\org\apache\logging\log4j\log4j-api\2.13.3\log4j-api-2.13.3.jar;E:\javaTool\maven\repository\org\slf4j\jul-to-slf4j\1.7.30\jul-to-slf4j-1.7.30.jar;E:\javaTool\maven\repository\jakarta\annotation\jakarta.annotation-api\1.3.5\jakarta.annotation-api-1.3.5.jar;E:\javaTool\maven\repository\org\springframework\spring-core\5.2.12.RELEASE\spring-core-5.2.12.RELEASE.jar;E:\javaTool\maven\repository\org\springframework\spring-jcl\5.2.12.RELEASE\spring-jcl-5.2.12.RELEASE.jar;E:\javaTool\maven\repository\org\yaml\snakeyaml\1.26\snakeyaml-1.26.jar;E:\javaTool\maven\repository\org\springframework\boot\spring-boot-starter-json\2.3.8.RELEASE\spring-boot-starter-json-2.3.8.RELEASE.jar;E:\javaTool\maven\repository\com\fasterxml\jackson\core\jackson-databind\2.11.4\jackson-databind-2.11.4.jar;E:\javaTool\maven\repository\com\fasterxml\jackson\core\jackson-annotations\2.11.4\jackson-annotations-2.11.4.jar;E:\javaTool\maven\repository\com\fasterxml\jackson\core\jackson-core\2.11.4\jackson-core-2.11.4.jar;E:\javaTool\maven\repository\com\fasterxml\jackson\datatype\jackson-datatype-jdk8\2.11.4\jackson-datatype-jdk8-2.11.4.jar;E:\javaTool\maven\repository\com\fasterxml\jackson\datatype\jackson-datatype-jsr310\2.11.4\jackson-datatype-jsr310-2.11.4.jar;E:\javaTool\maven\repository\com\fasterxml\jackson\module\jackson-module-parameter-names\2.11.4\jackson-module-parameter-names-2.11.4.jar;E:\javaTool\maven\repository\org\springframework\boot\spring-boot-starter-tomcat\2.3.8.RELEASE\spring-boot-starter-tomcat-2.3.8.RELEASE.jar;E:\javaTool\maven\repository\org\apache\tomcat\embed\tomcat-embed-core\9.0.41\tomcat-embed-core-9.0.41.jar;E:\javaTool\maven\repository\org\glassfish\jakarta.el\3.0.3\jakarta.el-3.0.3.jar;E:\javaTool\maven\repository\org\apache\tomcat\embed\tomcat-embed-websocket\9.0.41\tomcat-embed-websocket-9.0.41.jar;E:\javaTool\maven\repository\org\springframework\spring-web\5.2.12.RELEASE\spring-web-5.2.12.RELEASE.jar;E:\javaTool\maven\repository\org\springframework\spring-beans\5.2.12.RELEASE\spring-beans-5.2.12.RELEASE.jar;E:\javaTool\maven\repository\org\springframework\spring-webmvc\5.2.12.RELEASE\spring-webmvc-5.2.12.RELEASE.jar;E:\javaTool\maven\repository\org\springframework\spring-aop\5.2.12.RELEASE\spring-aop-5.2.12.RELEASE.jar;E:\javaTool\maven\repository\org\springframework\spring-context\5.2.12.RELEASE\spring-context-5.2.12.RELEASE.jar;E:\javaTool\maven\repository\org\springframework\spring-expression\5.2.12.RELEASE\spring-expression-5.2.12.RELEASE.jar;D:\SaveCodes\idea\irpc-framework\irpc-framework-interface\target\classes;E:\javaTool\maven\repository\org\javassist\javassist\3.21.0-GA\javassist-3.21.0-GA.jar;E:\javaTool\maven\repository\io\netty\netty-all\4.1.6.Final\netty-all-4.1.6.Final.jar;E:\javaTool\maven\repository\org\slf4j\slf4j-api\1.7.13\slf4j-api-1.7.13.jar;E:\javaTool\maven\repository\com\alibaba\fastjson\1.2.29\fastjson-1.2.29.jar;E:\javaTool\maven\repository\org\jboss\marshalling\jboss-marshalling-river\1.4.11.Final\jboss-marshalling-river-1.4.11.Final.jar;E:\javaTool\maven\repository\org\jboss\marshalling\jboss-marshalling\1.4.11.Final\jboss-marshalling-1.4.11.Final.jar;E:\javaTool\maven\repository\org\jboss\marshalling\jboss-marshalling-serial\1.4.11.Final\jboss-marshalling-serial-1.4.11.Final.jar;E:\javaTool\maven\repository\org\projectlombok\lombok\1.18.24\lombok-1.18.24.jar;E:\javaTool\maven\repository\cn\hutool\hutool-all\5.8.10\hutool-all-5.8.10.jar;E:\javaTool\maven\repository\org\apache\curator\curator-framework\2.12.0\curator-framework-2.12.0.jar;E:\javaTool\maven\repository\org\apache\curator\curator-client\2.12.0\curator-client-2.12.0.jar;E:\javaTool\maven\repository\com\google\guava\guava\16.0.1\guava-16.0.1.jar;E:\javaTool\maven\repository\org\apache\zookeeper\zookeeper\3.4.14\zookeeper-3.4.14.jar;E:\javaTool\maven\repository\org\slf4j\slf4j-log4j12\1.7.25\slf4j-log4j12-1.7.25.jar;E:\javaTool\maven\repository\com\github\spotbugs\spotbugs-annotations\3.1.9\spotbugs-annotations-3.1.9.jar;E:\javaTool\maven\repository\com\google\code\findbugs\jsr305\3.0.2\jsr305-3.0.2.jar;E:\javaTool\maven\repository\log4j\log4j\1.2.17\log4j-1.2.17.jar;E:\javaTool\maven\repository\jline\jline\0.9.94\jline-0.9.94.jar;E:\javaTool\maven\repository\org\apache\yetus\audience-annotations\0.5.0\audience-annotations-0.5.0.jar;E:\javaTool\maven\repository\io\netty\netty\3.10.6.Final\netty-3.10.6.Final.jar;E:\javaTool\maven\repository\com\101tec\zkclient\0.7\zkclient-0.7.jar;E:\javaTool\maven\repository\com\esotericsoftware\kryo-shaded\3.0.3\kryo-shaded-3.0.3.jar;E:\javaTool\maven\repository\com\esotericsoftware\minlog\1.3.0\minlog-1.3.0.jar;E:\javaTool\maven\repository\org\objenesis\objenesis\2.1\objenesis-2.1.jar;E:\javaTool\maven\repository\com\caucho\hessian\4.0.62\hessian-4.0.62.jar;E:\javaTool\IntelliJ IDEA 2022.2\lib\idea_rt.jar
INFO main org.apache.zookeeper.ZooKeeper - Client environment:java.library.path=C:\Program Files\Java\jdk-11.0.15.1\bin;C:\WINDOWS\Sun\Java\bin;C:\WINDOWS\system32;C:\WINDOWS;C:\Program Files\Common Files\Oracle\Java\javapath;C:\WINDOWS\system32;C:\WINDOWS;C:\WINDOWS\System32\Wbem;C:\WINDOWS\System32\WindowsPowerShell\v1.0\;C:\WINDOWS\System32\OpenSSH\;E:\javaTool\maven\apache-maven-3.8.3\bin;E:\javaTool\xshell\;E:\javaTool\xftp\;E:\javaTool\Git\cmd;E:\javaTool\nodeJS\;E:\javaTool\apache-tomcat-9.0.63-windows-x64\apache-tomcat-9.0.63\bin;E:\javaTool\apache-tomcat-9.0.63-windows-x64\apache-tomcat-9.0.63\lib;%E:\rust%\mingw64\bin;C:\Users\siwenboxue\.cargo\bin;C:\Users\siwenboxue\AppData\Local\Microsoft\WindowsApps;C:\Program Files\Java\jdk-11.0.15.1\bin;C:\Program Files\Java\jdk-11.0.15.1\jre\bin;;E:\javaTool\IntelliJ IDEA 2021.2.3\bin;;E:\javaTool\Microsoft VS Code\bin;C:\Users\siwenboxue\AppData\Roaming\npm;.
INFO main org.apache.zookeeper.ZooKeeper - Client environment:java.io.tmpdir=C:\Users\SIWENB~1\AppData\Local\Temp\
INFO main org.apache.zookeeper.ZooKeeper - Client environment:java.compiler=<NA>
INFO main org.apache.zookeeper.ZooKeeper - Client environment:os.name=Windows 10
INFO main org.apache.zookeeper.ZooKeeper - Client environment:os.arch=amd64
INFO main org.apache.zookeeper.ZooKeeper - Client environment:os.version=10.0
INFO main org.apache.zookeeper.ZooKeeper - Client environment:user.name=siwenboxue
INFO main org.apache.zookeeper.ZooKeeper - Client environment:user.home=C:\Users\siwenboxue
INFO main org.apache.zookeeper.ZooKeeper - Client environment:user.dir=D:\SaveCodes\idea\irpc-framework
INFO main org.apache.zookeeper.ZooKeeper - Initiating client connection, connectString=localhost:2181 sessionTimeout=60000 watcher=org.apache.curator.ConnectionState@4af45442
INFO main-SendThread(localhost:2181) org.apache.zookeeper.ClientCnxn - Opening socket connection to server localhost/0:0:0:0:0:0:0:1:2181. Will not attempt to authenticate using SASL (unknown error)
INFO main-SendThread(localhost:2181) org.apache.zookeeper.ClientCnxn - Socket connection established to localhost/0:0:0:0:0:0:0:1:2181, initiating session
INFO main-SendThread(localhost:2181) org.apache.zookeeper.ClientCnxn - Session establishment complete on server localhost/0:0:0:0:0:0:0:1:2181, sessionid = 0x10009b482890033, negotiated timeout = 40000
INFO main-EventThread org.apache.curator.framework.state.ConnectionStateManager - State change: CONNECTED
INFO main org.springframework.scheduling.concurrent.ThreadPoolTaskExecutor - Initializing ExecutorService 'applicationTaskExecutor'
INFO main org.springframework.boot.web.embedded.tomcat.TomcatWebServer - Tomcat started on port(s): 7081 (http) with context path ''
INFO main org.consumer.ConsumerApplication - Started ConsumerApplication in 4.627 seconds (JVM running for 6.363)
INFO main config.IRpcClientAutoConfiguration -  ================== [irpc-consumer] started success ================== 
ERROR pool-1-thread-1 common.event.listener.ServiceUpdateListener - [ServiceUpdateListener] channelFutureWrappers is empty
INFO http-nio-7081-exec-1 org.springframework.web.servlet.DispatcherServlet - Initializing Servlet 'dispatcherServlet'
INFO http-nio-7081-exec-1 org.springframework.web.servlet.DispatcherServlet - Completed initialization in 8 ms
ERROR pool-1-thread-2 common.event.listener.ServiceUpdateListener - [ServiceUpdateListener] channelFutureWrappers is empty
INFO SpringContextShutdownHook org.springframework.scheduling.concurrent.ThreadPoolTaskExecutor - Shutting down ExecutorService 'applicationTaskExecutor'
INFO main org.consumer.ConsumerApplication - Starting ConsumerApplication on DESKTOP-736CSD8 with PID 22576 (D:\SaveCodes\idea\irpc-framework\irpc-framework-conusmer\target\classes started by siwenboxue in D:\SaveCodes\idea\irpc-framework)
INFO main org.consumer.ConsumerApplication - No active profile set, falling back to default profiles: default
INFO main org.springframework.boot.web.embedded.tomcat.TomcatWebServer - Tomcat initialized with port(s): 7081 (http)
INFO main org.springframework.boot.web.servlet.context.ServletWebServerApplicationContext - Root WebApplicationContext: initialization completed in 1325 ms
INFO main org.apache.curator.framework.imps.CuratorFrameworkImpl - Starting
INFO main org.apache.zookeeper.ZooKeeper - Client environment:zookeeper.version=3.4.14-4c25d480e66aadd371de8bd2fd8da255ac140bcf, built on 03/06/2019 16:18 GMT
INFO main org.apache.zookeeper.ZooKeeper - Client environment:host.name=DESKTOP-736CSD8
INFO main org.apache.zookeeper.ZooKeeper - Client environment:java.version=11.0.15.1
INFO main org.apache.zookeeper.ZooKeeper - Client environment:java.vendor=Oracle Corporation
INFO main org.apache.zookeeper.ZooKeeper - Client environment:java.home=C:\Program Files\Java\jdk-11.0.15.1
INFO main org.apache.zookeeper.ZooKeeper - Client environment:java.class.path=D:\SaveCodes\idea\irpc-framework\irpc-framework-conusmer\target\classes;D:\SaveCodes\idea\irpc-framework\irpc-framwork-core\target\classes;D:\SaveCodes\idea\irpc-framework\irpc-framework-spring-starter\target\classes;E:\javaTool\maven\repository\org\springframework\boot\spring-boot-starter-web\2.3.8.RELEASE\spring-boot-starter-web-2.3.8.RELEASE.jar;E:\javaTool\maven\repository\org\springframework\boot\spring-boot-starter\2.3.8.RELEASE\spring-boot-starter-2.3.8.RELEASE.jar;E:\javaTool\maven\repository\org\springframework\boot\spring-boot\2.3.8.RELEASE\spring-boot-2.3.8.RELEASE.jar;E:\javaTool\maven\repository\org\springframework\boot\spring-boot-autoconfigure\2.3.8.RELEASE\spring-boot-autoconfigure-2.3.8.RELEASE.jar;E:\javaTool\maven\repository\org\springframework\boot\spring-boot-starter-logging\2.3.8.RELEASE\spring-boot-starter-logging-2.3.8.RELEASE.jar;E:\javaTool\maven\repository\org\apache\logging\log4j\log4j-to-slf4j\2.13.3\log4j-to-slf4j-2.13.3.jar;E:\javaTool\maven\repository\org\apache\logging\log4j\log4j-api\2.13.3\log4j-api-2.13.3.jar;E:\javaTool\maven\repository\org\slf4j\jul-to-slf4j\1.7.30\jul-to-slf4j-1.7.30.jar;E:\javaTool\maven\repository\jakarta\annotation\jakarta.annotation-api\1.3.5\jakarta.annotation-api-1.3.5.jar;E:\javaTool\maven\repository\org\springframework\spring-core\5.2.12.RELEASE\spring-core-5.2.12.RELEASE.jar;E:\javaTool\maven\repository\org\springframework\spring-jcl\5.2.12.RELEASE\spring-jcl-5.2.12.RELEASE.jar;E:\javaTool\maven\repository\org\yaml\snakeyaml\1.26\snakeyaml-1.26.jar;E:\javaTool\maven\repository\org\springframework\boot\spring-boot-starter-json\2.3.8.RELEASE\spring-boot-starter-json-2.3.8.RELEASE.jar;E:\javaTool\maven\repository\com\fasterxml\jackson\core\jackson-databind\2.11.4\jackson-databind-2.11.4.jar;E:\javaTool\maven\repository\com\fasterxml\jackson\core\jackson-annotations\2.11.4\jackson-annotations-2.11.4.jar;E:\javaTool\maven\repository\com\fasterxml\jackson\core\jackson-core\2.11.4\jackson-core-2.11.4.jar;E:\javaTool\maven\repository\com\fasterxml\jackson\datatype\jackson-datatype-jdk8\2.11.4\jackson-datatype-jdk8-2.11.4.jar;E:\javaTool\maven\repository\com\fasterxml\jackson\datatype\jackson-datatype-jsr310\2.11.4\jackson-datatype-jsr310-2.11.4.jar;E:\javaTool\maven\repository\com\fasterxml\jackson\module\jackson-module-parameter-names\2.11.4\jackson-module-parameter-names-2.11.4.jar;E:\javaTool\maven\repository\org\springframework\boot\spring-boot-starter-tomcat\2.3.8.RELEASE\spring-boot-starter-tomcat-2.3.8.RELEASE.jar;E:\javaTool\maven\repository\org\apache\tomcat\embed\tomcat-embed-core\9.0.41\tomcat-embed-core-9.0.41.jar;E:\javaTool\maven\repository\org\glassfish\jakarta.el\3.0.3\jakarta.el-3.0.3.jar;E:\javaTool\maven\repository\org\apache\tomcat\embed\tomcat-embed-websocket\9.0.41\tomcat-embed-websocket-9.0.41.jar;E:\javaTool\maven\repository\org\springframework\spring-web\5.2.12.RELEASE\spring-web-5.2.12.RELEASE.jar;E:\javaTool\maven\repository\org\springframework\spring-beans\5.2.12.RELEASE\spring-beans-5.2.12.RELEASE.jar;E:\javaTool\maven\repository\org\springframework\spring-webmvc\5.2.12.RELEASE\spring-webmvc-5.2.12.RELEASE.jar;E:\javaTool\maven\repository\org\springframework\spring-aop\5.2.12.RELEASE\spring-aop-5.2.12.RELEASE.jar;E:\javaTool\maven\repository\org\springframework\spring-context\5.2.12.RELEASE\spring-context-5.2.12.RELEASE.jar;E:\javaTool\maven\repository\org\springframework\spring-expression\5.2.12.RELEASE\spring-expression-5.2.12.RELEASE.jar;D:\SaveCodes\idea\irpc-framework\irpc-framework-interface\target\classes;E:\javaTool\maven\repository\org\javassist\javassist\3.21.0-GA\javassist-3.21.0-GA.jar;E:\javaTool\maven\repository\io\netty\netty-all\4.1.6.Final\netty-all-4.1.6.Final.jar;E:\javaTool\maven\repository\org\slf4j\slf4j-api\1.7.13\slf4j-api-1.7.13.jar;E:\javaTool\maven\repository\com\alibaba\fastjson\1.2.29\fastjson-1.2.29.jar;E:\javaTool\maven\repository\org\jboss\marshalling\jboss-marshalling-river\1.4.11.Final\jboss-marshalling-river-1.4.11.Final.jar;E:\javaTool\maven\repository\org\jboss\marshalling\jboss-marshalling\1.4.11.Final\jboss-marshalling-1.4.11.Final.jar;E:\javaTool\maven\repository\org\jboss\marshalling\jboss-marshalling-serial\1.4.11.Final\jboss-marshalling-serial-1.4.11.Final.jar;E:\javaTool\maven\repository\org\projectlombok\lombok\1.18.24\lombok-1.18.24.jar;E:\javaTool\maven\repository\cn\hutool\hutool-all\5.8.10\hutool-all-5.8.10.jar;E:\javaTool\maven\repository\org\apache\curator\curator-framework\2.12.0\curator-framework-2.12.0.jar;E:\javaTool\maven\repository\org\apache\curator\curator-client\2.12.0\curator-client-2.12.0.jar;E:\javaTool\maven\repository\com\google\guava\guava\16.0.1\guava-16.0.1.jar;E:\javaTool\maven\repository\org\apache\zookeeper\zookeeper\3.4.14\zookeeper-3.4.14.jar;E:\javaTool\maven\repository\org\slf4j\slf4j-log4j12\1.7.25\slf4j-log4j12-1.7.25.jar;E:\javaTool\maven\repository\com\github\spotbugs\spotbugs-annotations\3.1.9\spotbugs-annotations-3.1.9.jar;E:\javaTool\maven\repository\com\google\code\findbugs\jsr305\3.0.2\jsr305-3.0.2.jar;E:\javaTool\maven\repository\log4j\log4j\1.2.17\log4j-1.2.17.jar;E:\javaTool\maven\repository\jline\jline\0.9.94\jline-0.9.94.jar;E:\javaTool\maven\repository\org\apache\yetus\audience-annotations\0.5.0\audience-annotations-0.5.0.jar;E:\javaTool\maven\repository\io\netty\netty\3.10.6.Final\netty-3.10.6.Final.jar;E:\javaTool\maven\repository\com\101tec\zkclient\0.7\zkclient-0.7.jar;E:\javaTool\maven\repository\com\esotericsoftware\kryo-shaded\3.0.3\kryo-shaded-3.0.3.jar;E:\javaTool\maven\repository\com\esotericsoftware\minlog\1.3.0\minlog-1.3.0.jar;E:\javaTool\maven\repository\org\objenesis\objenesis\2.1\objenesis-2.1.jar;E:\javaTool\maven\repository\com\caucho\hessian\4.0.62\hessian-4.0.62.jar;E:\javaTool\IntelliJ IDEA 2022.2\lib\idea_rt.jar
INFO main org.apache.zookeeper.ZooKeeper - Client environment:java.library.path=C:\Program Files\Java\jdk-11.0.15.1\bin;C:\WINDOWS\Sun\Java\bin;C:\WINDOWS\system32;C:\WINDOWS;C:\Program Files\Common Files\Oracle\Java\javapath;C:\WINDOWS\system32;C:\WINDOWS;C:\WINDOWS\System32\Wbem;C:\WINDOWS\System32\WindowsPowerShell\v1.0\;C:\WINDOWS\System32\OpenSSH\;E:\javaTool\maven\apache-maven-3.8.3\bin;E:\javaTool\xshell\;E:\javaTool\xftp\;E:\javaTool\Git\cmd;E:\javaTool\nodeJS\;E:\javaTool\apache-tomcat-9.0.63-windows-x64\apache-tomcat-9.0.63\bin;E:\javaTool\apache-tomcat-9.0.63-windows-x64\apache-tomcat-9.0.63\lib;%E:\rust%\mingw64\bin;C:\Users\siwenboxue\.cargo\bin;C:\Users\siwenboxue\AppData\Local\Microsoft\WindowsApps;C:\Program Files\Java\jdk-11.0.15.1\bin;C:\Program Files\Java\jdk-11.0.15.1\jre\bin;;E:\javaTool\IntelliJ IDEA 2021.2.3\bin;;E:\javaTool\Microsoft VS Code\bin;C:\Users\siwenboxue\AppData\Roaming\npm;.
INFO main org.apache.zookeeper.ZooKeeper - Client environment:java.io.tmpdir=C:\Users\SIWENB~1\AppData\Local\Temp\
INFO main org.apache.zookeeper.ZooKeeper - Client environment:java.compiler=<NA>
INFO main org.apache.zookeeper.ZooKeeper - Client environment:os.name=Windows 10
INFO main org.apache.zookeeper.ZooKeeper - Client environment:os.arch=amd64
INFO main org.apache.zookeeper.ZooKeeper - Client environment:os.version=10.0
INFO main org.apache.zookeeper.ZooKeeper - Client environment:user.name=siwenboxue
INFO main org.apache.zookeeper.ZooKeeper - Client environment:user.home=C:\Users\siwenboxue
INFO main org.apache.zookeeper.ZooKeeper - Client environment:user.dir=D:\SaveCodes\idea\irpc-framework
INFO main org.apache.zookeeper.ZooKeeper - Initiating client connection, connectString=localhost:2181 sessionTimeout=60000 watcher=org.apache.curator.ConnectionState@43d9f1a2
INFO main-SendThread(localhost:2181) org.apache.zookeeper.ClientCnxn - Opening socket connection to server localhost/127.0.0.1:2181. Will not attempt to authenticate using SASL (unknown error)
INFO main-SendThread(localhost:2181) org.apache.zookeeper.ClientCnxn - Socket connection established to localhost/127.0.0.1:2181, initiating session
INFO main-SendThread(localhost:2181) org.apache.zookeeper.ClientCnxn - Session establishment complete on server localhost/127.0.0.1:2181, sessionid = 0x10009b482890036, negotiated timeout = 40000
INFO main-EventThread org.apache.curator.framework.state.ConnectionStateManager - State change: CONNECTED
INFO main org.springframework.scheduling.concurrent.ThreadPoolTaskExecutor - Initializing ExecutorService 'applicationTaskExecutor'
INFO main org.springframework.boot.web.embedded.tomcat.TomcatWebServer - Tomcat started on port(s): 7081 (http) with context path ''
INFO main org.consumer.ConsumerApplication - Started ConsumerApplication in 3.643 seconds (JVM running for 5.282)
INFO main config.IRpcClientAutoConfiguration -  ================== [irpc-consumer] started success ================== 
INFO main client.ConnectionHandler - providerURLInfo is : demoApp;interfaces.user.UserRpcService;192.168.124.2:9093;1687419924171;100;default
INFO http-nio-7081-exec-1 org.springframework.web.servlet.DispatcherServlet - Initializing Servlet 'dispatcherServlet'
INFO http-nio-7081-exec-1 org.springframework.web.servlet.DispatcherServlet - Completed initialization in 7 ms
INFO Thread-2 filter.client.ClientLogFilterImpl - irpc-consumer do invoke -----> interfaces.user.UserRpcService
INFO Thread-2 filter.client.ClientLogFilterImpl - irpc-consumer do invoke -----> interfaces.user.UserRpcService
ERROR main-EventThread org.apache.zookeeper.ClientCnxn - Error while calling watcher 
java.lang.NullPointerException
	at registy.zookeeper.ZookeeperRegister.lambda$watchNodeDataChange$0(ZookeeperRegister.java:70)
	at org.apache.curator.framework.imps.NamespaceWatcher.process(NamespaceWatcher.java:62)
	at org.apache.zookeeper.ClientCnxn$EventThread.processEvent(ClientCnxn.java:533)
	at org.apache.zookeeper.ClientCnxn$EventThread.run(ClientCnxn.java:508)
WARN nioEventLoopGroup-2-1 io.netty.channel.DefaultChannelPipeline - An exceptionCaught() event was fired, and it reached at the tail of the pipeline. It usually means the last handler in the pipeline did not handle the exception.
java.io.IOException: 
	at java.base/sun.nio.ch.SocketDispatcher.read0(Native Method)
	at java.base/sun.nio.ch.SocketDispatcher.read(SocketDispatcher.java:43)
	at java.base/sun.nio.ch.IOUtil.readIntoNativeBuffer(IOUtil.java:276)
	at java.base/sun.nio.ch.IOUtil.read(IOUtil.java:233)
	at java.base/sun.nio.ch.IOUtil.read(IOUtil.java:223)
	at java.base/sun.nio.ch.SocketChannelImpl.read(SocketChannelImpl.java:358)
	at io.netty.buffer.PooledUnsafeDirectByteBuf.setBytes(PooledUnsafeDirectByteBuf.java:288)
	at io.netty.buffer.AbstractByteBuf.writeBytes(AbstractByteBuf.java:1100)
	at io.netty.channel.socket.nio.NioSocketChannel.doReadBytes(NioSocketChannel.java:366)
	at io.netty.channel.nio.AbstractNioByteChannel$NioByteUnsafe.read(AbstractNioByteChannel.java:118)
	at io.netty.channel.nio.NioEventLoop.processSelectedKey(NioEventLoop.java:651)
	at io.netty.channel.nio.NioEventLoop.processSelectedKeysOptimized(NioEventLoop.java:574)
	at io.netty.channel.nio.NioEventLoop.processSelectedKeys(NioEventLoop.java:488)
	at io.netty.channel.nio.NioEventLoop.run(NioEventLoop.java:450)
	at io.netty.util.concurrent.SingleThreadEventExecutor$5.run(SingleThreadEventExecutor.java:873)
	at io.netty.util.concurrent.DefaultThreadFactory$DefaultRunnableDecorator.run(DefaultThreadFactory.java:144)
	at java.base/java.lang.Thread.run(Thread.java:834)
ERROR pool-1-thread-2 common.event.listener.ServiceUpdateListener - [ServiceUpdateListener] channelFutureWrappers is empty
INFO Thread-2 filter.client.ClientLogFilterImpl - irpc-consumer do invoke -----> interfaces.user.UserRpcService
INFO Thread-2 filter.client.ClientLogFilterImpl - irpc-consumer do invoke -----> interfaces.user.UserRpcService
INFO Thread-2 filter.client.ClientLogFilterImpl - irpc-consumer do invoke -----> interfaces.user.UserRpcService
INFO Thread-2 filter.client.ClientLogFilterImpl - irpc-consumer do invoke -----> interfaces.user.UserRpcService
INFO Thread-2 filter.client.ClientLogFilterImpl - irpc-consumer do invoke -----> interfaces.user.UserRpcService
INFO Thread-2 filter.client.ClientLogFilterImpl - irpc-consumer do invoke -----> interfaces.user.UserRpcService
INFO SpringContextShutdownHook org.springframework.scheduling.concurrent.ThreadPoolTaskExecutor - Shutting down ExecutorService 'applicationTaskExecutor'
